2017-02-07 14:02:44,111 Started
2017-02-07 14:02:44,111 Reading file ACS_Pop.csv
2017-02-07 14:06:10,186 File loaded
2017-02-07 14:06:10,186 Generating queries
2017-02-07 14:07:09,476 Queries generated
2017-02-07 14:07:09,480 Sample size=197040596
2017-02-07 14:07:09,482 Size of universe=797
2017-02-07 14:07:09,483 Iterations=3159
2017-02-07 14:07:09,484 Samples=100
2017-02-07 14:07:09,486 Running MWEM
2017-02-07 14:07:09,487 epsilon=0.0442
2017-02-07 14:22:59,778 Worst error (relative to n): 0.00143694687267
2017-02-07 14:22:59,879 MSE (relative to n): 0.0304123519481
2017-02-07 14:22:59,880 mean in synthetic histogram=247227.849435
2017-02-07 14:22:59,880 mean in true histogram=247227.849435
2017-02-07 14:22:59,880 Std. Dev. in synthetic histogram=1464520.83251
2017-02-07 14:22:59,880 Std. Dev. in true histogram=1467587.57803
2017-02-07 14:22:59,882 KL Divergence=0.0108571185236
2017-02-07 14:22:59,882 error guarantee (relative to n): 0.137931268128
2017-02-07 14:23:00,119 epsilon=0.0442
2017-02-07 14:38:28,531 Worst error (relative to n): 0.00126090591948
2017-02-07 14:38:28,636 MSE (relative to n): 0.0332831425747
2017-02-07 14:38:28,636 mean in synthetic histogram=247227.849435
2017-02-07 14:38:28,636 mean in true histogram=247227.849435
2017-02-07 14:38:28,636 Std. Dev. in synthetic histogram=1466459.65114
2017-02-07 14:38:28,636 Std. Dev. in true histogram=1467587.57803
2017-02-07 14:38:28,636 KL Divergence=0.0095300300021
2017-02-07 14:38:28,637 error guarantee (relative to n): 0.137931268128
2017-02-07 14:38:28,835 epsilon=0.0442
2017-02-15 12:22:21,894 Started
2017-02-15 12:22:21,894 Reading file ACS_Pop.csv
2017-02-15 12:22:44,866 Started
2017-02-15 12:22:44,866 Reading file ACS_Pop.csv
2017-02-15 12:24:15,967 Started
2017-02-15 12:24:15,967 Reading file ACS_Pop.csv
2017-02-15 12:24:41,906 Started
2017-02-15 12:24:41,906 Reading file ACS_Pop.csv
2017-02-15 12:28:11,039 Started
2017-02-15 12:28:11,039 Reading file ACS_Pop.csv
2017-02-15 12:28:15,918 Started
2017-02-15 12:28:15,918 Reading file ACS_Pop.csv
2017-02-15 12:28:47,705 Started
2017-02-15 12:28:47,705 Reading file ACS_Pop.csv
2017-02-15 12:28:52,869 Started
2017-02-15 12:28:52,869 Reading file ACS_Pop.csv
2017-02-15 12:34:10,407 File loaded
2017-02-15 12:34:10,407 Generating queries
2017-02-15 12:34:22,736 File loaded
2017-02-15 12:34:22,736 Generating queries
2017-02-15 12:34:50,348 File loaded
2017-02-15 12:34:50,349 Generating queries
2017-02-15 12:34:52,040 File loaded
2017-02-15 12:34:52,041 Generating queries
2017-02-15 12:35:19,582 Queries generated
2017-02-15 12:35:19,584 Sample size=197040596
2017-02-15 12:35:19,585 Size of universe=797
2017-02-15 12:35:19,587 Iterations=1990
2017-02-15 12:35:19,588 Samples=30
2017-02-15 12:35:19,590 Running MWEM
2017-02-15 12:35:19,591 epsilon=0.0221
2017-02-15 12:35:30,666 Queries generated
2017-02-15 12:35:30,669 Sample size=197040596
2017-02-15 12:35:30,671 Size of universe=797
2017-02-15 12:35:30,674 Iterations=3159
2017-02-15 12:35:30,677 Samples=30
2017-02-15 12:35:30,681 Running MWEM
2017-02-15 12:35:30,684 epsilon=0.0442
2017-02-15 12:35:59,222 Queries generated
2017-02-15 12:35:59,225 Sample size=197040596
2017-02-15 12:35:59,227 Size of universe=797
2017-02-15 12:35:59,230 Iterations=3159
2017-02-15 12:35:59,232 Samples=30
2017-02-15 12:35:59,235 Running MWEM
2017-02-15 12:35:59,238 epsilon=0.0442
2017-02-15 12:36:01,687 Queries generated
2017-02-15 12:36:01,690 Sample size=197040596
2017-02-15 12:36:01,691 Size of universe=797
2017-02-15 12:36:01,692 Iterations=1990
2017-02-15 12:36:01,694 Samples=30
2017-02-15 12:36:01,695 Running MWEM
2017-02-15 12:36:01,697 epsilon=0.0221
2017-02-15 12:46:55,512 Worst error (relative to n): 0.00262932798492
2017-02-15 12:46:55,715 MSE (relative to n): 0.0770468988353
2017-02-15 12:46:55,715 mean in synthetic histogram=247227.849435
2017-02-15 12:46:55,715 mean in true histogram=247227.849435
2017-02-15 12:46:55,715 Std. Dev. in synthetic histogram=1459022.88074
2017-02-15 12:46:55,716 Std. Dev. in true histogram=1466822.4515
2017-02-15 12:46:55,716 KL Divergence=0.0114651449339
2017-02-15 12:46:55,716 error guarantee (relative to n): 0.173782509084
2017-02-15 12:46:56,031 epsilon=0.0221
2017-02-15 12:50:57,424 Worst error (relative to n): 0.00262932798492
2017-02-15 12:50:57,597 MSE (relative to n): 0.0770468988353
2017-02-15 12:50:57,598 mean in synthetic histogram=247227.849435
2017-02-15 12:50:57,598 mean in true histogram=247227.849435
2017-02-15 12:50:57,598 Std. Dev. in synthetic histogram=1459022.88074
2017-02-15 12:50:57,599 Std. Dev. in true histogram=1466822.4515
2017-02-15 12:50:57,599 KL Divergence=0.0114651449339
2017-02-15 12:50:57,599 error guarantee (relative to n): 0.173782509084
2017-02-15 12:50:58,193 epsilon=0.0221
2017-02-15 12:56:32,789 Worst error (relative to n): 0.00176184201484
2017-02-15 12:56:32,974 MSE (relative to n): 0.0320891219337
2017-02-15 12:56:32,974 mean in synthetic histogram=247227.849435
2017-02-15 12:56:32,974 mean in true histogram=247227.849435
2017-02-15 12:56:32,974 Std. Dev. in synthetic histogram=1463683.94072
2017-02-15 12:56:32,974 Std. Dev. in true histogram=1466822.4515
2017-02-15 12:56:32,975 KL Divergence=0.0118433507005
2017-02-15 12:56:32,975 error guarantee (relative to n): 0.137931268128
2017-02-15 12:56:33,293 epsilon=0.0442
2017-02-15 12:57:42,505 Worst error (relative to n): 0.00210245433511
2017-02-15 12:57:42,670 MSE (relative to n): 0.0667263935753
2017-02-15 12:57:42,670 mean in synthetic histogram=247227.849435
2017-02-15 12:57:42,670 mean in true histogram=247227.849435
2017-02-15 12:57:42,671 Std. Dev. in synthetic histogram=1465651.71831
2017-02-15 12:57:42,671 Std. Dev. in true histogram=1466822.4515
2017-02-15 12:57:42,671 KL Divergence=0.0141868901354
2017-02-15 12:57:42,671 error guarantee (relative to n): 0.173782509084
2017-02-15 12:57:42,984 epsilon=0.0221
2017-02-15 13:05:37,270 Worst error (relative to n): 0.00176184201484
2017-02-15 13:05:37,440 MSE (relative to n): 0.0320891219337
2017-02-15 13:05:37,440 mean in synthetic histogram=247227.849435
2017-02-15 13:05:37,440 mean in true histogram=247227.849435
2017-02-15 13:05:37,441 Std. Dev. in synthetic histogram=1463683.94072
2017-02-15 13:05:37,441 Std. Dev. in true histogram=1466822.4515
2017-02-15 13:05:37,441 KL Divergence=0.0118433507005
2017-02-15 13:05:37,441 error guarantee (relative to n): 0.137931268128
2017-02-15 13:05:37,764 epsilon=0.0442
2017-02-15 13:06:06,541 Worst error (relative to n): 0.00210245433511
2017-02-15 13:06:06,703 MSE (relative to n): 0.0667263935753
2017-02-15 13:06:06,703 mean in synthetic histogram=247227.849435
2017-02-15 13:06:06,703 mean in true histogram=247227.849435
2017-02-15 13:06:06,703 Std. Dev. in synthetic histogram=1465651.71831
2017-02-15 13:06:06,704 Std. Dev. in true histogram=1466822.4515
2017-02-15 13:06:06,704 KL Divergence=0.0141868901354
2017-02-15 13:06:06,704 error guarantee (relative to n): 0.173782509084
2017-02-15 13:06:07,021 epsilon=0.0221
2017-02-15 13:09:59,655 Worst error (relative to n): 0.00230028885544
2017-02-15 13:09:59,924 MSE (relative to n): 0.087754707166
2017-02-15 13:09:59,924 mean in synthetic histogram=247227.849435
2017-02-15 13:09:59,924 mean in true histogram=247227.849435
2017-02-15 13:09:59,924 Std. Dev. in synthetic histogram=1459184.9616
2017-02-15 13:09:59,925 Std. Dev. in true histogram=1466822.4515
2017-02-15 13:09:59,925 KL Divergence=0.0137854789017
2017-02-15 13:09:59,925 error guarantee (relative to n): 0.173782509084
2017-02-15 13:10:00,542 epsilon=0.0221
2017-02-15 13:16:38,247 Worst error (relative to n): 0.00230028885544
2017-02-15 13:16:38,539 MSE (relative to n): 0.087754707166
2017-02-15 13:16:38,539 mean in synthetic histogram=247227.849435
2017-02-15 13:16:38,539 mean in true histogram=247227.849435
2017-02-15 13:16:38,540 Std. Dev. in synthetic histogram=1459184.9616
2017-02-15 13:16:38,540 Std. Dev. in true histogram=1466822.4515
2017-02-15 13:16:38,540 KL Divergence=0.0137854789017
2017-02-15 13:16:38,540 error guarantee (relative to n): 0.173782509084
2017-02-15 13:16:39,113 epsilon=0.0221
2017-02-15 13:20:22,422 Worst error (relative to n): 0.00126987057995
2017-02-15 13:20:22,641 MSE (relative to n): 0.0319273409257
2017-02-15 13:20:22,642 mean in synthetic histogram=247227.849435
2017-02-15 13:20:22,642 mean in true histogram=247227.849435
2017-02-15 13:20:22,642 Std. Dev. in synthetic histogram=1466221.57999
2017-02-15 13:20:22,642 Std. Dev. in true histogram=1466822.4515
2017-02-15 13:20:22,642 KL Divergence=0.0103605629515
2017-02-15 13:20:22,642 error guarantee (relative to n): 0.137931268128
2017-02-15 13:20:23,138 epsilon=0.0442
2017-02-15 13:22:52,149 Worst error (relative to n): 0.00229967247557
2017-02-15 13:22:52,514 MSE (relative to n): 0.0909431566392
2017-02-15 13:22:52,514 mean in synthetic histogram=247227.849435
2017-02-15 13:22:52,514 mean in true histogram=247227.849435
2017-02-15 13:22:52,514 Std. Dev. in synthetic histogram=1462025.41996
2017-02-15 13:22:52,515 Std. Dev. in true histogram=1466822.4515
2017-02-15 13:22:52,515 KL Divergence=0.0139547705206
2017-02-15 13:22:52,515 error guarantee (relative to n): 0.173782509084
2017-02-15 13:22:53,236 epsilon=0.0221
2017-02-15 13:28:55,506 Worst error (relative to n): 0.00126987057995
2017-02-15 13:28:55,913 MSE (relative to n): 0.0319273409257
2017-02-15 13:28:55,914 mean in synthetic histogram=247227.849435
2017-02-15 13:28:55,914 mean in true histogram=247227.849435
2017-02-15 13:28:55,914 Std. Dev. in synthetic histogram=1466221.57999
2017-02-15 13:28:55,914 Std. Dev. in true histogram=1466822.4515
2017-02-15 13:28:55,914 KL Divergence=0.0103605629515
2017-02-15 13:28:55,914 error guarantee (relative to n): 0.137931268128
2017-02-15 13:28:56,666 epsilon=0.0442
2017-02-15 13:33:14,059 Worst error (relative to n): 0.00229967247557
2017-02-15 13:33:14,436 MSE (relative to n): 0.0909431566392
2017-02-15 13:33:14,436 mean in synthetic histogram=247227.849435
2017-02-15 13:33:14,437 mean in true histogram=247227.849435
2017-02-15 13:33:14,437 Std. Dev. in synthetic histogram=1462025.41996
2017-02-15 13:33:14,437 Std. Dev. in true histogram=1466822.4515
2017-02-15 13:33:14,437 KL Divergence=0.0139547705206
2017-02-15 13:33:14,437 error guarantee (relative to n): 0.173782509084
2017-02-15 13:33:15,183 epsilon=0.0221
2017-02-15 13:40:48,565 Worst error (relative to n): 0.00215590629515
2017-02-15 13:40:48,889 MSE (relative to n): 0.0724013653427
2017-02-15 13:40:48,889 mean in synthetic histogram=247227.849435
2017-02-15 13:40:48,890 mean in true histogram=247227.849435
2017-02-15 13:40:48,890 Std. Dev. in synthetic histogram=1459753.30944
2017-02-15 13:40:48,890 Std. Dev. in true histogram=1466822.4515
2017-02-15 13:40:48,890 KL Divergence=0.0104604444107
2017-02-15 13:40:48,890 error guarantee (relative to n): 0.173782509084
2017-02-15 13:40:49,655 epsilon=0.0221
2017-02-15 13:50:07,579 Worst error (relative to n): 0.00171385690326
2017-02-15 13:50:07,908 MSE (relative to n): 0.0339287430101
2017-02-15 13:50:07,908 mean in synthetic histogram=247227.849435
2017-02-15 13:50:07,909 mean in true histogram=247227.849435
2017-02-15 13:50:07,909 Std. Dev. in synthetic histogram=1461883.58023
2017-02-15 13:50:07,909 Std. Dev. in true histogram=1466822.4515
2017-02-15 13:50:07,909 KL Divergence=0.011944831468
2017-02-15 13:50:07,909 error guarantee (relative to n): 0.137931268128
2017-02-15 13:50:08,664 epsilon=0.0442
2017-02-15 13:51:07,610 Worst error (relative to n): 0.00215590629515
2017-02-15 13:51:08,008 MSE (relative to n): 0.0724013653427
2017-02-15 13:51:08,008 mean in synthetic histogram=247227.849435
2017-02-15 13:51:08,008 mean in true histogram=247227.849435
2017-02-15 13:51:08,009 Std. Dev. in synthetic histogram=1459753.30944
2017-02-15 13:51:08,009 Std. Dev. in true histogram=1466822.4515
2017-02-15 13:51:08,009 KL Divergence=0.0104604444107
2017-02-15 13:51:08,009 error guarantee (relative to n): 0.173782509084
2017-02-15 13:51:08,799 epsilon=0.0221
2017-02-15 13:58:59,871 Worst error (relative to n): 0.00222928713148
2017-02-15 13:59:00,125 MSE (relative to n): 0.079765999393
2017-02-15 13:59:00,126 mean in synthetic histogram=247227.849435
2017-02-15 13:59:00,126 mean in true histogram=247227.849435
2017-02-15 13:59:00,126 Std. Dev. in synthetic histogram=1467494.8777
2017-02-15 13:59:00,126 Std. Dev. in true histogram=1466822.4515
2017-02-15 13:59:00,127 KL Divergence=0.0137949214828
2017-02-15 13:59:00,127 error guarantee (relative to n): 0.173782509084
2017-02-15 13:59:00,640 epsilon=0.0221
2017-02-15 14:01:42,815 Worst error (relative to n): 0.00171385690326
2017-02-15 14:01:43,158 MSE (relative to n): 0.0339287430101
2017-02-15 14:01:43,158 mean in synthetic histogram=247227.849435
2017-02-15 14:01:43,158 mean in true histogram=247227.849435
2017-02-15 14:01:43,159 Std. Dev. in synthetic histogram=1461883.58023
2017-02-15 14:01:43,159 Std. Dev. in true histogram=1466822.4515
2017-02-15 14:01:43,159 KL Divergence=0.011944831468
2017-02-15 14:01:43,159 error guarantee (relative to n): 0.137931268128
2017-02-15 14:01:43,841 epsilon=0.0442
2017-02-15 14:02:21,696 Worst error (relative to n): 0.00222928713148
2017-02-15 14:02:21,953 MSE (relative to n): 0.079765999393
2017-02-15 14:02:21,953 mean in synthetic histogram=247227.849435
2017-02-15 14:02:21,953 mean in true histogram=247227.849435
2017-02-15 14:02:21,953 Std. Dev. in synthetic histogram=1467494.8777
2017-02-15 14:02:21,953 Std. Dev. in true histogram=1466822.4515
2017-02-15 14:02:21,954 KL Divergence=0.0137949214828
2017-02-15 14:02:21,954 error guarantee (relative to n): 0.173782509084
2017-02-15 14:02:22,454 epsilon=0.0221
2017-02-15 14:11:24,285 Worst error (relative to n): 0.00139589025227
2017-02-15 14:11:24,547 MSE (relative to n): 0.0264276412432
2017-02-15 14:11:24,548 mean in synthetic histogram=247227.849435
2017-02-15 14:11:24,548 mean in true histogram=247227.849435
2017-02-15 14:11:24,548 Std. Dev. in synthetic histogram=1464684.13161
2017-02-15 14:11:24,548 Std. Dev. in true histogram=1466822.4515
2017-02-15 14:11:24,548 KL Divergence=0.0100604145628
2017-02-15 14:11:24,548 error guarantee (relative to n): 0.137931268128
2017-02-15 14:11:25,059 epsilon=0.0442
2017-02-15 14:11:25,518 Worst error (relative to n): 0.00233016483542
2017-02-15 14:11:25,729 MSE (relative to n): 0.0810812412854
2017-02-15 14:11:25,729 mean in synthetic histogram=247227.849435
2017-02-15 14:11:25,729 mean in true histogram=247227.849435
2017-02-15 14:11:25,729 Std. Dev. in synthetic histogram=1462328.3594
2017-02-15 14:11:25,730 Std. Dev. in true histogram=1466822.4515
2017-02-15 14:11:25,730 KL Divergence=0.0143375521018
2017-02-15 14:11:25,730 error guarantee (relative to n): 0.173782509084
2017-02-15 14:11:26,142 epsilon=0.0221
2017-02-15 14:16:05,728 Worst error (relative to n): 0.00233016483542
2017-02-15 14:16:05,949 MSE (relative to n): 0.0810812412854
2017-02-15 14:16:05,949 mean in synthetic histogram=247227.849435
2017-02-15 14:16:05,949 mean in true histogram=247227.849435
2017-02-15 14:16:05,949 Std. Dev. in synthetic histogram=1462328.3594
2017-02-15 14:16:05,949 Std. Dev. in true histogram=1466822.4515
2017-02-15 14:16:05,949 KL Divergence=0.0143375521018
2017-02-15 14:16:05,950 error guarantee (relative to n): 0.173782509084
2017-02-15 14:16:06,383 epsilon=0.0221
2017-02-15 14:24:06,865 Worst error (relative to n): 0.00204730951953
2017-02-15 14:24:07,034 MSE (relative to n): 0.0927283550179
2017-02-15 14:24:07,034 mean in synthetic histogram=247227.849435
2017-02-15 14:24:07,034 mean in true histogram=247227.849435
2017-02-15 14:24:07,034 Std. Dev. in synthetic histogram=1461497.45992
2017-02-15 14:24:07,034 Std. Dev. in true histogram=1466822.4515
2017-02-15 14:24:07,035 KL Divergence=0.0126248320244
2017-02-15 14:24:07,035 error guarantee (relative to n): 0.173782509084
2017-02-15 14:24:07,348 epsilon=0.0221
2017-02-15 14:28:05,391 Worst error (relative to n): 0.00204730951953
2017-02-15 14:28:05,551 MSE (relative to n): 0.0927283550179
2017-02-15 14:28:05,552 mean in synthetic histogram=247227.849435
2017-02-15 14:28:05,552 mean in true histogram=247227.849435
2017-02-15 14:28:05,552 Std. Dev. in synthetic histogram=1461497.45992
2017-02-15 14:28:05,552 Std. Dev. in true histogram=1466822.4515
2017-02-15 14:28:05,552 KL Divergence=0.0126248320244
2017-02-15 14:28:05,552 error guarantee (relative to n): 0.173782509084
2017-02-15 14:28:05,868 epsilon=0.0221
2017-02-15 14:28:06,115 Worst error (relative to n): 0.00139589025227
2017-02-15 14:28:06,275 MSE (relative to n): 0.0264276412432
2017-02-15 14:28:06,276 mean in synthetic histogram=247227.849435
2017-02-15 14:28:06,276 mean in true histogram=247227.849435
2017-02-15 14:28:06,276 Std. Dev. in synthetic histogram=1464684.13161
2017-02-15 14:28:06,276 Std. Dev. in true histogram=1466822.4515
2017-02-15 14:28:06,276 KL Divergence=0.0100604145628
2017-02-15 14:28:06,276 error guarantee (relative to n): 0.137931268128
2017-02-15 14:28:06,590 epsilon=0.0442
2017-02-15 14:32:16,201 Worst error (relative to n): 0.00128366900869
2017-02-15 14:32:16,362 MSE (relative to n): 0.0278612913598
2017-02-15 14:32:16,362 mean in synthetic histogram=247227.849435
2017-02-15 14:32:16,362 mean in true histogram=247227.849435
2017-02-15 14:32:16,362 Std. Dev. in synthetic histogram=1463532.39774
2017-02-15 14:32:16,363 Std. Dev. in true histogram=1466822.4515
2017-02-15 14:32:16,363 KL Divergence=0.0130818024747
2017-02-15 14:32:16,363 error guarantee (relative to n): 0.137931268128
2017-02-15 14:32:16,679 epsilon=0.0442
2017-02-15 14:35:03,017 Worst error (relative to n): 0.00177474292676
2017-02-15 14:35:03,180 MSE (relative to n): 0.0696775139301
2017-02-15 14:35:03,180 mean in synthetic histogram=247227.849435
2017-02-15 14:35:03,180 mean in true histogram=247227.849435
2017-02-15 14:35:03,180 Std. Dev. in synthetic histogram=1462440.36628
2017-02-15 14:35:03,180 Std. Dev. in true histogram=1466822.4515
2017-02-15 14:35:03,181 KL Divergence=0.011768999224
2017-02-15 14:35:03,181 error guarantee (relative to n): 0.173782509084
2017-02-15 14:35:03,498 epsilon=0.0221
2017-02-15 14:38:47,987 Worst error (relative to n): 0.00177474292676
2017-02-15 14:38:48,149 MSE (relative to n): 0.0696775139301
2017-02-15 14:38:48,150 mean in synthetic histogram=247227.849435
2017-02-15 14:38:48,150 mean in true histogram=247227.849435
2017-02-15 14:38:48,150 Std. Dev. in synthetic histogram=1462440.36628
2017-02-15 14:38:48,150 Std. Dev. in true histogram=1466822.4515
2017-02-15 14:38:48,150 KL Divergence=0.011768999224
2017-02-15 14:38:48,150 error guarantee (relative to n): 0.173782509084
2017-02-15 14:38:48,467 epsilon=0.0221
2017-02-15 14:45:53,767 Worst error (relative to n): 0.0022579613009
2017-02-15 14:45:53,931 MSE (relative to n): 0.0776669510279
2017-02-15 14:45:53,932 mean in synthetic histogram=247227.849435
2017-02-15 14:45:53,932 mean in true histogram=247227.849435
2017-02-15 14:45:53,932 Std. Dev. in synthetic histogram=1464921.90983
2017-02-15 14:45:53,932 Std. Dev. in true histogram=1466822.4515
2017-02-15 14:45:53,932 KL Divergence=0.0135261994855
2017-02-15 14:45:53,932 error guarantee (relative to n): 0.173782509084
2017-02-15 14:45:54,245 epsilon=0.0221
2017-02-15 14:48:55,566 Worst error (relative to n): 0.00128366900869
2017-02-15 14:48:55,728 MSE (relative to n): 0.0278612913598
2017-02-15 14:48:55,728 mean in synthetic histogram=247227.849435
2017-02-15 14:48:55,729 mean in true histogram=247227.849435
2017-02-15 14:48:55,729 Std. Dev. in synthetic histogram=1463532.39774
2017-02-15 14:48:55,729 Std. Dev. in true histogram=1466822.4515
2017-02-15 14:48:55,729 KL Divergence=0.0130818024747
2017-02-15 14:48:55,729 error guarantee (relative to n): 0.137931268128
2017-02-15 14:48:56,042 epsilon=0.0442
2017-02-15 14:49:25,374 Worst error (relative to n): 0.0022579613009
2017-02-15 14:49:25,534 MSE (relative to n): 0.0776669510279
2017-02-15 14:49:25,534 mean in synthetic histogram=247227.849435
2017-02-15 14:49:25,534 mean in true histogram=247227.849435
2017-02-15 14:49:25,535 Std. Dev. in synthetic histogram=1464921.90983
2017-02-15 14:49:25,535 Std. Dev. in true histogram=1466822.4515
2017-02-15 14:49:25,535 KL Divergence=0.0135261994855
2017-02-15 14:49:25,535 error guarantee (relative to n): 0.173782509084
2017-02-15 14:49:25,848 epsilon=0.0221
2017-02-15 14:53:02,677 Worst error (relative to n): 0.00152056010987
2017-02-15 14:53:02,837 MSE (relative to n): 0.0290699316514
2017-02-15 14:53:02,837 mean in synthetic histogram=247227.849435
2017-02-15 14:53:02,838 mean in true histogram=247227.849435
2017-02-15 14:53:02,838 Std. Dev. in synthetic histogram=1464022.04388
2017-02-15 14:53:02,838 Std. Dev. in true histogram=1466822.4515
2017-02-15 14:53:02,838 KL Divergence=0.0133768459927
2017-02-15 14:53:02,838 error guarantee (relative to n): 0.137931268128
2017-02-15 14:53:03,153 epsilon=0.0442
2017-02-15 14:56:43,489 Worst error (relative to n): 0.00195820419411
2017-02-15 14:56:43,650 MSE (relative to n): 0.0857613876169
2017-02-15 14:56:43,651 mean in synthetic histogram=247227.849435
2017-02-15 14:56:43,651 mean in true histogram=247227.849435
2017-02-15 14:56:43,651 Std. Dev. in synthetic histogram=1464077.947
2017-02-15 14:56:43,651 Std. Dev. in true histogram=1466822.4515
2017-02-15 14:56:43,651 KL Divergence=0.0138866554044
2017-02-15 14:56:43,651 error guarantee (relative to n): 0.173782509084
2017-02-15 14:56:43,964 epsilon=0.0221
2017-02-15 15:00:00,156 Worst error (relative to n): 0.00195820419411
2017-02-15 15:00:00,316 MSE (relative to n): 0.0857613876169
2017-02-15 15:00:00,316 mean in synthetic histogram=247227.849435
2017-02-15 15:00:00,316 mean in true histogram=247227.849435
2017-02-15 15:00:00,316 Std. Dev. in synthetic histogram=1464077.947
2017-02-15 15:00:00,316 Std. Dev. in true histogram=1466822.4515
2017-02-15 15:00:00,316 KL Divergence=0.0138866554044
2017-02-15 15:00:00,316 error guarantee (relative to n): 0.173782509084
2017-02-15 15:00:00,630 epsilon=0.0221
2017-02-15 15:07:33,527 Worst error (relative to n): 0.00181876487994
2017-02-15 15:07:33,725 MSE (relative to n): 0.0658238219145
2017-02-15 15:07:33,725 mean in synthetic histogram=247227.849435
2017-02-15 15:07:33,725 mean in true histogram=247227.849435
2017-02-15 15:07:33,725 Std. Dev. in synthetic histogram=1465234.50883
2017-02-15 15:07:33,725 Std. Dev. in true histogram=1466822.4515
2017-02-15 15:07:33,726 KL Divergence=0.0119954022445
2017-02-15 15:07:33,726 error guarantee (relative to n): 0.173782509084
2017-02-15 15:07:34,040 epsilon=0.0221
2017-02-15 15:09:44,381 Worst error (relative to n): 0.00152056010987
2017-02-15 15:09:44,544 MSE (relative to n): 0.0290699316514
2017-02-15 15:09:44,544 mean in synthetic histogram=247227.849435
2017-02-15 15:09:44,545 mean in true histogram=247227.849435
2017-02-15 15:09:44,545 Std. Dev. in synthetic histogram=1464022.04388
2017-02-15 15:09:44,545 Std. Dev. in true histogram=1466822.4515
2017-02-15 15:09:44,545 KL Divergence=0.0133768459927
2017-02-15 15:09:44,545 error guarantee (relative to n): 0.137931268128
2017-02-15 15:09:44,858 epsilon=0.0442
2017-02-15 15:10:35,636 Worst error (relative to n): 0.00181876487994
2017-02-15 15:10:35,796 MSE (relative to n): 0.0658238219145
2017-02-15 15:10:35,797 mean in synthetic histogram=247227.849435
2017-02-15 15:10:35,797 mean in true histogram=247227.849435
2017-02-15 15:10:35,797 Std. Dev. in synthetic histogram=1465234.50883
2017-02-15 15:10:35,797 Std. Dev. in true histogram=1466822.4515
2017-02-15 15:10:35,797 KL Divergence=0.0119954022445
2017-02-15 15:10:35,797 error guarantee (relative to n): 0.173782509084
2017-02-15 15:10:36,110 epsilon=0.0221
2017-02-15 15:13:49,809 Worst error (relative to n): 0.00165084438455
2017-02-15 15:13:49,976 MSE (relative to n): 0.0382196438858
2017-02-15 15:13:49,976 mean in synthetic histogram=247227.849435
2017-02-15 15:13:49,976 mean in true histogram=247227.849435
2017-02-15 15:13:49,976 Std. Dev. in synthetic histogram=1466163.15652
2017-02-15 15:13:49,977 Std. Dev. in true histogram=1466822.4515
2017-02-15 15:13:49,977 KL Divergence=0.0118897866579
2017-02-15 15:13:49,977 error guarantee (relative to n): 0.137931268128
2017-02-15 15:13:50,304 epsilon=0.0442
2017-02-15 15:18:24,780 Worst error (relative to n): 0.00193178246148
2017-02-15 15:18:24,941 MSE (relative to n): 0.0686884477304
2017-02-15 15:18:24,941 mean in synthetic histogram=247227.849435
2017-02-15 15:18:24,941 mean in true histogram=247227.849435
2017-02-15 15:18:24,942 Std. Dev. in synthetic histogram=1464651.32184
2017-02-15 15:18:24,942 Std. Dev. in true histogram=1466822.4515
2017-02-15 15:18:24,942 KL Divergence=0.0110960351965
2017-02-15 15:18:24,942 error guarantee (relative to n): 0.173782509084
2017-02-15 15:18:25,255 epsilon=0.0221
2017-02-15 15:21:12,449 Worst error (relative to n): 0.00193178246148
2017-02-15 15:21:12,610 MSE (relative to n): 0.0686884477304
2017-02-15 15:21:12,610 mean in synthetic histogram=247227.849435
2017-02-15 15:21:12,610 mean in true histogram=247227.849435
2017-02-15 15:21:12,610 Std. Dev. in synthetic histogram=1464651.32184
2017-02-15 15:21:12,610 Std. Dev. in true histogram=1466822.4515
2017-02-15 15:21:12,611 KL Divergence=0.0110960351965
2017-02-15 15:21:12,611 error guarantee (relative to n): 0.173782509084
2017-02-15 15:21:12,927 epsilon=0.0221
2017-02-15 15:29:18,094 Worst error (relative to n): 0.00208561406085
2017-02-15 15:29:18,357 MSE (relative to n): 0.0920237488987
2017-02-15 15:29:18,357 mean in synthetic histogram=247227.849435
2017-02-15 15:29:18,357 mean in true histogram=247227.849435
2017-02-15 15:29:18,358 Std. Dev. in synthetic histogram=1458912.09474
2017-02-15 15:29:18,358 Std. Dev. in true histogram=1466822.4515
2017-02-15 15:29:18,358 KL Divergence=0.0115834159142
2017-02-15 15:29:18,358 error guarantee (relative to n): 0.173782509084
2017-02-15 15:29:18,868 epsilon=0.0221
2017-02-15 15:30:30,244 Worst error (relative to n): 0.00165084438455
2017-02-15 15:30:30,463 MSE (relative to n): 0.0382196438858
2017-02-15 15:30:30,463 mean in synthetic histogram=247227.849435
2017-02-15 15:30:30,463 mean in true histogram=247227.849435
2017-02-15 15:30:30,463 Std. Dev. in synthetic histogram=1466163.15652
2017-02-15 15:30:30,463 Std. Dev. in true histogram=1466822.4515
2017-02-15 15:30:30,464 KL Divergence=0.0118897866579
2017-02-15 15:30:30,464 error guarantee (relative to n): 0.137931268128
2017-02-15 15:30:30,889 epsilon=0.0442
2017-02-15 15:31:51,146 Worst error (relative to n): 0.00208561406085
2017-02-15 15:31:51,444 MSE (relative to n): 0.0920237488987
2017-02-15 15:31:51,444 mean in synthetic histogram=247227.849435
2017-02-15 15:31:51,444 mean in true histogram=247227.849435
2017-02-15 15:31:51,444 Std. Dev. in synthetic histogram=1458912.09474
2017-02-15 15:31:51,444 Std. Dev. in true histogram=1466822.4515
2017-02-15 15:31:51,445 KL Divergence=0.0115834159142
2017-02-15 15:31:51,445 error guarantee (relative to n): 0.173782509084
2017-02-15 15:31:51,759 epsilon=0.0221
2017-02-15 15:34:36,949 Worst error (relative to n): 0.00209593286543
2017-02-15 15:34:37,112 MSE (relative to n): 0.0261304841958
2017-02-15 15:34:37,112 mean in synthetic histogram=247227.849435
2017-02-15 15:34:37,112 mean in true histogram=247227.849435
2017-02-15 15:34:37,112 Std. Dev. in synthetic histogram=1460567.54976
2017-02-15 15:34:37,112 Std. Dev. in true histogram=1466822.4515
2017-02-15 15:34:37,113 KL Divergence=0.010609850325
2017-02-15 15:34:37,113 error guarantee (relative to n): 0.137931268128
2017-02-15 15:34:37,425 epsilon=0.0442
2017-02-15 15:40:10,070 Worst error (relative to n): 0.00212252252647
2017-02-15 15:40:10,416 MSE (relative to n): 0.0729871349414
2017-02-15 15:40:10,416 mean in synthetic histogram=247227.849435
2017-02-15 15:40:10,416 mean in true histogram=247227.849435
2017-02-15 15:40:10,416 Std. Dev. in synthetic histogram=1458669.35151
2017-02-15 15:40:10,417 Std. Dev. in true histogram=1466822.4515
2017-02-15 15:40:10,417 KL Divergence=0.0133088718386
2017-02-15 15:40:10,417 error guarantee (relative to n): 0.173782509084
2017-02-15 15:40:11,102 epsilon=0.0221
2017-02-15 15:42:27,205 Worst error (relative to n): 0.00212252252647
2017-02-15 15:42:27,366 MSE (relative to n): 0.0729871349414
2017-02-15 15:42:27,366 mean in synthetic histogram=247227.849435
2017-02-15 15:42:27,366 mean in true histogram=247227.849435
2017-02-15 15:42:27,367 Std. Dev. in synthetic histogram=1458669.35151
2017-02-15 15:42:27,367 Std. Dev. in true histogram=1466822.4515
2017-02-15 15:42:27,367 KL Divergence=0.0133088718386
2017-02-15 15:42:27,367 error guarantee (relative to n): 0.173782509084
2017-02-15 15:42:27,681 epsilon=0.0221
2017-02-15 15:53:01,092 Worst error (relative to n): 0.00233808044648
2017-02-15 15:53:01,276 MSE (relative to n): 0.0854446914086
2017-02-15 15:53:01,276 mean in synthetic histogram=247227.849435
2017-02-15 15:53:01,276 mean in true histogram=247227.849435
2017-02-15 15:53:01,277 Std. Dev. in synthetic histogram=1461580.35316
2017-02-15 15:53:01,277 Std. Dev. in true histogram=1466822.4515
2017-02-15 15:53:01,277 KL Divergence=0.0108821090301
2017-02-15 15:53:01,277 error guarantee (relative to n): 0.173782509084
2017-02-15 15:53:01,597 epsilon=0.0221
2017-02-15 15:55:13,869 Worst error (relative to n): 0.00151272518151
2017-02-15 15:55:14,031 MSE (relative to n): 0.0371010578366
2017-02-15 15:55:14,032 mean in synthetic histogram=247227.849435
2017-02-15 15:55:14,032 mean in true histogram=247227.849435
2017-02-15 15:55:14,032 Std. Dev. in synthetic histogram=1463624.62865
2017-02-15 15:55:14,032 Std. Dev. in true histogram=1466822.4515
2017-02-15 15:55:14,032 KL Divergence=0.00948561230721
2017-02-15 15:55:14,032 error guarantee (relative to n): 0.137931268128
2017-02-15 15:55:14,345 epsilon=0.0442
2017-02-15 15:56:25,090 Worst error (relative to n): 0.00209593286543
2017-02-15 15:56:25,309 MSE (relative to n): 0.0261304841958
2017-02-15 15:56:25,310 mean in synthetic histogram=247227.849435
2017-02-15 15:56:25,310 mean in true histogram=247227.849435
2017-02-15 15:56:25,310 Std. Dev. in synthetic histogram=1460567.54976
2017-02-15 15:56:25,310 Std. Dev. in true histogram=1466822.4515
2017-02-15 15:56:25,310 KL Divergence=0.010609850325
2017-02-15 15:56:25,310 error guarantee (relative to n): 0.137931268128
2017-02-15 15:56:25,725 epsilon=0.0442
2017-02-15 15:58:12,667 Worst error (relative to n): 0.00233808044648
2017-02-15 15:58:13,012 MSE (relative to n): 0.0854446914086
2017-02-15 15:58:13,012 mean in synthetic histogram=247227.849435
2017-02-15 15:58:13,012 mean in true histogram=247227.849435
2017-02-15 15:58:13,012 Std. Dev. in synthetic histogram=1461580.35316
2017-02-15 15:58:13,013 Std. Dev. in true histogram=1466822.4515
2017-02-15 15:58:13,013 KL Divergence=0.0108821090301
2017-02-15 15:58:13,013 error guarantee (relative to n): 0.173782509084
2017-02-15 15:58:13,697 epsilon=0.0221
2017-02-15 16:03:32,364 Worst error (relative to n): 0.00212321137107
2017-02-15 16:03:32,524 MSE (relative to n): 0.072625610788
2017-02-15 16:03:32,524 mean in synthetic histogram=247227.849435
2017-02-15 16:03:32,524 mean in true histogram=247227.849435
2017-02-15 16:03:32,524 Std. Dev. in synthetic histogram=1465097.55268
2017-02-15 16:03:32,524 Std. Dev. in true histogram=1466822.4515
2017-02-15 16:03:32,525 KL Divergence=0.0110910592335
2017-02-15 16:03:32,525 error guarantee (relative to n): 0.173782509084
2017-02-15 16:03:32,839 epsilon=0.0221
2017-02-15 16:14:06,635 Worst error (relative to n): 0.00223025543333
2017-02-15 16:14:06,796 MSE (relative to n): 0.0814566450399
2017-02-15 16:14:06,796 mean in synthetic histogram=247227.849435
2017-02-15 16:14:06,796 mean in true histogram=247227.849435
2017-02-15 16:14:06,796 Std. Dev. in synthetic histogram=1463334.48126
2017-02-15 16:14:06,796 Std. Dev. in true histogram=1466822.4515
2017-02-15 16:14:06,796 KL Divergence=0.0110597815883
2017-02-15 16:14:06,797 error guarantee (relative to n): 0.173782509084
2017-02-15 16:14:07,110 epsilon=0.0221
2017-02-15 16:15:10,113 Worst error (relative to n): 0.00212321137107
2017-02-15 16:15:10,456 MSE (relative to n): 0.072625610788
2017-02-15 16:15:10,456 mean in synthetic histogram=247227.849435
2017-02-15 16:15:10,456 mean in true histogram=247227.849435
2017-02-15 16:15:10,456 Std. Dev. in synthetic histogram=1465097.55268
2017-02-15 16:15:10,456 Std. Dev. in true histogram=1466822.4515
2017-02-15 16:15:10,457 KL Divergence=0.0110910592335
2017-02-15 16:15:10,457 error guarantee (relative to n): 0.173782509084
2017-02-15 16:15:11,137 epsilon=0.0221
2017-02-15 16:19:37,265 Worst error (relative to n): 0.00151272518151
2017-02-15 16:19:37,474 MSE (relative to n): 0.0371010578366
2017-02-15 16:19:37,474 mean in synthetic histogram=247227.849435
2017-02-15 16:19:37,474 mean in true histogram=247227.849435
2017-02-15 16:19:37,474 Std. Dev. in synthetic histogram=1463624.62865
2017-02-15 16:19:37,475 Std. Dev. in true histogram=1466822.4515
2017-02-15 16:19:37,475 KL Divergence=0.00948561230721
2017-02-15 16:19:37,475 error guarantee (relative to n): 0.137931268128
2017-02-15 16:19:37,888 epsilon=0.0442
2017-02-15 16:20:40,837 Worst error (relative to n): 0.00136611955731
2017-02-15 16:20:41,091 MSE (relative to n): 0.0286730503531
2017-02-15 16:20:41,092 mean in synthetic histogram=247227.849435
2017-02-15 16:20:41,092 mean in true histogram=247227.849435
2017-02-15 16:20:41,092 Std. Dev. in synthetic histogram=1466428.23822
2017-02-15 16:20:41,092 Std. Dev. in true histogram=1466822.4515
2017-02-15 16:20:41,092 KL Divergence=0.0102711334193
2017-02-15 16:20:41,092 error guarantee (relative to n): 0.137931268128
2017-02-15 16:20:41,595 epsilon=0.0442
2017-02-15 16:24:42,165 Worst error (relative to n): 0.00264977730274
2017-02-15 16:24:42,325 MSE (relative to n): 0.0775903980573
2017-02-15 16:24:42,325 mean in synthetic histogram=247227.849435
2017-02-15 16:24:42,325 mean in true histogram=247227.849435
2017-02-15 16:24:42,325 Std. Dev. in synthetic histogram=1463810.39041
2017-02-15 16:24:42,325 Std. Dev. in true histogram=1466822.4515
2017-02-15 16:24:42,326 KL Divergence=0.0116236454151
2017-02-15 16:24:42,326 error guarantee (relative to n): 0.173782509084
2017-02-15 16:24:42,640 epsilon=0.0221
2017-02-15 16:32:05,837 Worst error (relative to n): 0.00223025543333
2017-02-15 16:32:06,123 MSE (relative to n): 0.0814566450399
2017-02-15 16:32:06,123 mean in synthetic histogram=247227.849435
2017-02-15 16:32:06,123 mean in true histogram=247227.849435
2017-02-15 16:32:06,123 Std. Dev. in synthetic histogram=1463334.48126
2017-02-15 16:32:06,123 Std. Dev. in true histogram=1466822.4515
2017-02-15 16:32:06,124 KL Divergence=0.0110597815883
2017-02-15 16:32:06,124 error guarantee (relative to n): 0.173782509084
2017-02-15 16:32:06,804 epsilon=0.0221
2017-02-15 16:35:55,957 Worst error (relative to n): 0.0024837490418
2017-02-15 16:35:56,176 MSE (relative to n): 0.0714735643111
2017-02-15 16:35:56,177 mean in synthetic histogram=247227.849435
2017-02-15 16:35:56,177 mean in true histogram=247227.849435
2017-02-15 16:35:56,177 Std. Dev. in synthetic histogram=1460091.61284
2017-02-15 16:35:56,177 Std. Dev. in true histogram=1466822.4515
2017-02-15 16:35:56,177 KL Divergence=0.0128361943604
2017-02-15 16:35:56,177 error guarantee (relative to n): 0.173782509084
2017-02-15 16:35:56,604 epsilon=0.0221
2017-02-15 16:43:38,929 Worst error (relative to n): 0.00136611955731
2017-02-15 16:43:39,176 MSE (relative to n): 0.0286730503531
2017-02-15 16:43:39,176 mean in synthetic histogram=247227.849435
2017-02-15 16:43:39,176 mean in true histogram=247227.849435
2017-02-15 16:43:39,176 Std. Dev. in synthetic histogram=1466428.23822
2017-02-15 16:43:39,176 Std. Dev. in true histogram=1466822.4515
2017-02-15 16:43:39,176 KL Divergence=0.0102711334193
2017-02-15 16:43:39,177 error guarantee (relative to n): 0.137931268128
2017-02-15 16:43:39,676 epsilon=0.0442
2017-02-15 16:46:36,696 Worst error (relative to n): 0.00138739227863
2017-02-15 16:46:37,002 MSE (relative to n): 0.0316984533184
2017-02-15 16:46:37,003 mean in synthetic histogram=247227.849435
2017-02-15 16:46:37,003 mean in true histogram=247227.849435
2017-02-15 16:46:37,003 Std. Dev. in synthetic histogram=1463447.04343
2017-02-15 16:46:37,003 Std. Dev. in true histogram=1466822.4515
2017-02-15 16:46:37,003 KL Divergence=0.0121323856409
2017-02-15 16:46:37,003 error guarantee (relative to n): 0.137931268128
2017-02-15 16:46:37,508 epsilon=0.0442
2017-02-15 16:48:58,016 Worst error (relative to n): 0.00264977730274
2017-02-15 16:48:58,374 MSE (relative to n): 0.0775903980573
2017-02-15 16:48:58,374 mean in synthetic histogram=247227.849435
2017-02-15 16:48:58,374 mean in true histogram=247227.849435
2017-02-15 16:48:58,375 Std. Dev. in synthetic histogram=1463810.39041
2017-02-15 16:48:58,375 Std. Dev. in true histogram=1466822.4515
2017-02-15 16:48:58,375 KL Divergence=0.0116236454151
2017-02-15 16:48:58,375 error guarantee (relative to n): 0.173782509084
2017-02-15 16:48:59,056 epsilon=0.0221
2017-02-15 16:52:36,228 Worst error (relative to n): 0.00237604382352
2017-02-15 16:52:36,573 MSE (relative to n): 0.0883043042989
2017-02-15 16:52:36,573 mean in synthetic histogram=247227.849435
2017-02-15 16:52:36,574 mean in true histogram=247227.849435
2017-02-15 16:52:36,574 Std. Dev. in synthetic histogram=1465840.4145
2017-02-15 16:52:36,574 Std. Dev. in true histogram=1466822.4515
2017-02-15 16:52:36,574 KL Divergence=0.0125438384355
2017-02-15 16:52:36,574 error guarantee (relative to n): 0.173782509084
2017-02-15 16:52:37,257 epsilon=0.0221
2017-02-15 17:05:48,139 Worst error (relative to n): 0.0024837490418
2017-02-15 17:05:48,483 MSE (relative to n): 0.0714735643111
2017-02-15 17:05:48,483 mean in synthetic histogram=247227.849435
2017-02-15 17:05:48,483 mean in true histogram=247227.849435
2017-02-15 17:05:48,483 Std. Dev. in synthetic histogram=1460091.61284
2017-02-15 17:05:48,483 Std. Dev. in true histogram=1466822.4515
2017-02-15 17:05:48,484 KL Divergence=0.0128361943604
2017-02-15 17:05:48,484 error guarantee (relative to n): 0.173782509084
2017-02-15 17:05:49,163 epsilon=0.0221
2017-02-15 17:09:17,187 Worst error (relative to n): 0.00138739227863
2017-02-15 17:09:17,220 Worst error (relative to n): 0.00189884651633
2017-02-15 17:09:17,415 MSE (relative to n): 0.0316984533184
2017-02-15 17:09:17,416 mean in synthetic histogram=247227.849435
2017-02-15 17:09:17,416 mean in true histogram=247227.849435
2017-02-15 17:09:17,416 Std. Dev. in synthetic histogram=1463447.04343
2017-02-15 17:09:17,416 Std. Dev. in true histogram=1466822.4515
2017-02-15 17:09:17,416 KL Divergence=0.0121323856409
2017-02-15 17:09:17,416 error guarantee (relative to n): 0.137931268128
2017-02-15 17:09:17,564 MSE (relative to n): 0.0926484864042
2017-02-15 17:09:17,565 mean in synthetic histogram=247227.849435
2017-02-15 17:09:17,565 mean in true histogram=247227.849435
2017-02-15 17:09:17,565 Std. Dev. in synthetic histogram=1464076.12725
2017-02-15 17:09:17,565 Std. Dev. in true histogram=1466822.4515
2017-02-15 17:09:17,566 KL Divergence=0.0101639465
2017-02-15 17:09:17,566 error guarantee (relative to n): 0.173782509084
2017-02-15 17:09:17,921 epsilon=0.0442
2017-02-15 17:09:18,248 epsilon=0.0221
2017-02-15 17:12:22,208 Worst error (relative to n): 0.00151549533171
2017-02-15 17:12:22,454 MSE (relative to n): 0.0404970837139
2017-02-15 17:12:22,454 mean in synthetic histogram=247227.849435
2017-02-15 17:12:22,455 mean in true histogram=247227.849435
2017-02-15 17:12:22,455 Std. Dev. in synthetic histogram=1463580.51195
2017-02-15 17:12:22,455 Std. Dev. in true histogram=1466822.4515
2017-02-15 17:12:22,455 KL Divergence=0.0113216111949
2017-02-15 17:12:22,455 error guarantee (relative to n): 0.137931268128
2017-02-15 17:12:22,955 epsilon=0.0442
2017-02-15 17:22:40,665 Worst error (relative to n): 0.00237604382352
2017-02-15 17:22:40,840 MSE (relative to n): 0.0883043042989
2017-02-15 17:22:40,840 mean in synthetic histogram=247227.849435
2017-02-15 17:22:40,840 mean in true histogram=247227.849435
2017-02-15 17:22:40,840 Std. Dev. in synthetic histogram=1465840.4145
2017-02-15 17:22:40,841 Std. Dev. in true histogram=1466822.4515
2017-02-15 17:22:40,841 KL Divergence=0.0125438384355
2017-02-15 17:22:40,841 error guarantee (relative to n): 0.173782509084
2017-02-15 17:22:41,163 epsilon=0.0221
2017-02-15 17:25:59,738 Worst error (relative to n): 0.00190459799151
2017-02-15 17:26:00,065 MSE (relative to n): 0.0822878980987
2017-02-15 17:26:00,065 mean in synthetic histogram=247227.849435
2017-02-15 17:26:00,065 mean in true histogram=247227.849435
2017-02-15 17:26:00,065 Std. Dev. in synthetic histogram=1459801.2815
2017-02-15 17:26:00,066 Std. Dev. in true histogram=1466822.4515
2017-02-15 17:26:00,066 KL Divergence=0.010442585887
2017-02-15 17:26:00,066 error guarantee (relative to n): 0.173782509084
2017-02-15 17:26:00,746 epsilon=0.0221
2017-02-15 17:33:24,768 Worst error (relative to n): 0.00189884651633
2017-02-15 17:33:24,928 MSE (relative to n): 0.0926484864042
2017-02-15 17:33:24,928 mean in synthetic histogram=247227.849435
2017-02-15 17:33:24,928 mean in true histogram=247227.849435
2017-02-15 17:33:24,928 Std. Dev. in synthetic histogram=1464076.12725
2017-02-15 17:33:24,928 Std. Dev. in true histogram=1466822.4515
2017-02-15 17:33:24,929 KL Divergence=0.0101639465
2017-02-15 17:33:24,929 error guarantee (relative to n): 0.173782509084
2017-02-15 17:33:25,242 epsilon=0.0221
2017-02-15 17:35:06,199 Worst error (relative to n): 0.00151549533171
2017-02-15 17:35:06,448 MSE (relative to n): 0.0404970837139
2017-02-15 17:35:06,448 mean in synthetic histogram=247227.849435
2017-02-15 17:35:06,448 mean in true histogram=247227.849435
2017-02-15 17:35:06,449 Std. Dev. in synthetic histogram=1463580.51195
2017-02-15 17:35:06,449 Std. Dev. in true histogram=1466822.4515
2017-02-15 17:35:06,449 KL Divergence=0.0113216111949
2017-02-15 17:35:06,449 error guarantee (relative to n): 0.137931268128
2017-02-15 17:35:06,951 epsilon=0.0442
2017-02-15 17:36:57,362 Worst error (relative to n): 0.00135367315421
2017-02-15 17:36:57,537 MSE (relative to n): 0.0404198276747
2017-02-15 17:36:57,537 mean in synthetic histogram=247227.849435
2017-02-15 17:36:57,537 mean in true histogram=247227.849435
2017-02-15 17:36:57,538 Std. Dev. in synthetic histogram=1464125.60898
2017-02-15 17:36:57,538 Std. Dev. in true histogram=1466822.4515
2017-02-15 17:36:57,538 KL Divergence=0.0110690207523
2017-02-15 17:36:57,538 error guarantee (relative to n): 0.137931268128
2017-02-15 17:36:57,934 epsilon=0.0442
2017-02-15 17:42:43,906 Worst error (relative to n): 0.00230829453215
2017-02-15 17:42:44,250 MSE (relative to n): 0.0825841593146
2017-02-15 17:42:44,250 mean in synthetic histogram=247227.849435
2017-02-15 17:42:44,250 mean in true histogram=247227.849435
2017-02-15 17:42:44,250 Std. Dev. in synthetic histogram=1460296.77161
2017-02-15 17:42:44,250 Std. Dev. in true histogram=1466822.4515
2017-02-15 17:42:44,250 KL Divergence=0.012658947513
2017-02-15 17:42:44,251 error guarantee (relative to n): 0.173782509084
2017-02-15 17:42:44,931 epsilon=0.0221
2017-02-15 17:44:36,157 Worst error (relative to n): 0.00190459799151
2017-02-15 17:44:36,366 MSE (relative to n): 0.0822878980987
2017-02-15 17:44:36,366 mean in synthetic histogram=247227.849435
2017-02-15 17:44:36,366 mean in true histogram=247227.849435
2017-02-15 17:44:36,366 Std. Dev. in synthetic histogram=1459801.2815
2017-02-15 17:44:36,366 Std. Dev. in true histogram=1466822.4515
2017-02-15 17:44:36,367 KL Divergence=0.010442585887
2017-02-15 17:44:36,367 error guarantee (relative to n): 0.173782509084
2017-02-15 17:44:36,779 epsilon=0.0221
2017-02-15 17:57:00,086 Worst error (relative to n): 0.00230829453215
2017-02-15 17:57:00,319 MSE (relative to n): 0.0825841593146
2017-02-15 17:57:00,319 mean in synthetic histogram=247227.849435
2017-02-15 17:57:00,319 mean in true histogram=247227.849435
2017-02-15 17:57:00,319 Std. Dev. in synthetic histogram=1460296.77161
2017-02-15 17:57:00,319 Std. Dev. in true histogram=1466822.4515
2017-02-15 17:57:00,320 KL Divergence=0.012658947513
2017-02-15 17:57:00,320 error guarantee (relative to n): 0.173782509084
2017-02-15 17:57:00,731 epsilon=0.0221
2017-02-15 17:59:30,304 Worst error (relative to n): 0.00205678936179
2017-02-15 17:59:30,561 MSE (relative to n): 0.0826717061212
2017-02-15 17:59:30,562 mean in synthetic histogram=247227.849435
2017-02-15 17:59:30,562 mean in true histogram=247227.849435
2017-02-15 17:59:30,562 Std. Dev. in synthetic histogram=1460040.07719
2017-02-15 17:59:30,562 Std. Dev. in true histogram=1466822.4515
2017-02-15 17:59:30,562 KL Divergence=0.0110846504487
2017-02-15 17:59:30,562 error guarantee (relative to n): 0.173782509084
2017-02-15 17:59:31,059 epsilon=0.0221
2017-02-15 18:01:07,205 Worst error (relative to n): 0.00164138472593
2017-02-15 18:01:07,548 MSE (relative to n): 0.0324158683501
2017-02-15 18:01:07,548 mean in synthetic histogram=247227.849435
2017-02-15 18:01:07,548 mean in true histogram=247227.849435
2017-02-15 18:01:07,548 Std. Dev. in synthetic histogram=1462022.12771
2017-02-15 18:01:07,548 Std. Dev. in true histogram=1466822.4515
2017-02-15 18:01:07,549 KL Divergence=0.0124822417309
2017-02-15 18:01:07,549 error guarantee (relative to n): 0.137931268128
2017-02-15 18:01:08,229 epsilon=0.0442
2017-02-15 18:04:32,147 Worst error (relative to n): 0.00135367315421
2017-02-15 18:04:32,491 MSE (relative to n): 0.0404198276747
2017-02-15 18:04:32,491 mean in synthetic histogram=247227.849435
2017-02-15 18:04:32,491 mean in true histogram=247227.849435
2017-02-15 18:04:32,491 Std. Dev. in synthetic histogram=1464125.60898
2017-02-15 18:04:32,492 Std. Dev. in true histogram=1466822.4515
2017-02-15 18:04:32,492 KL Divergence=0.0110690207523
2017-02-15 18:04:32,492 error guarantee (relative to n): 0.137931268128
2017-02-15 18:04:33,172 epsilon=0.0442
2017-02-15 18:11:36,007 Worst error (relative to n): 0.00205678936179
2017-02-15 18:11:36,390 MSE (relative to n): 0.0826717061212
2017-02-15 18:11:36,391 mean in synthetic histogram=247227.849435
2017-02-15 18:11:36,391 mean in true histogram=247227.849435
2017-02-15 18:11:36,391 Std. Dev. in synthetic histogram=1460040.07719
2017-02-15 18:11:36,391 Std. Dev. in true histogram=1466822.4515
2017-02-15 18:11:36,391 KL Divergence=0.0110846504487
2017-02-15 18:11:36,391 error guarantee (relative to n): 0.173782509084
2017-02-15 18:11:37,173 epsilon=0.0221
2017-02-15 18:13:10,335 Worst error (relative to n): 0.00198126227715
2017-02-15 18:13:10,592 MSE (relative to n): 0.0753867474763
2017-02-15 18:13:10,592 mean in synthetic histogram=247227.849435
2017-02-15 18:13:10,592 mean in true histogram=247227.849435
2017-02-15 18:13:10,592 Std. Dev. in synthetic histogram=1463318.74225
2017-02-15 18:13:10,592 Std. Dev. in true histogram=1466822.4515
2017-02-15 18:13:10,593 KL Divergence=0.0123834555962
2017-02-15 18:13:10,593 error guarantee (relative to n): 0.173782509084
2017-02-15 18:13:11,095 epsilon=0.0221
2017-02-15 18:25:37,934 Worst error (relative to n): 0.00198126227715
2017-02-15 18:25:38,194 MSE (relative to n): 0.0753867474763
2017-02-15 18:25:38,194 mean in synthetic histogram=247227.849435
2017-02-15 18:25:38,194 mean in true histogram=247227.849435
2017-02-15 18:25:38,194 Std. Dev. in synthetic histogram=1463318.74225
2017-02-15 18:25:38,194 Std. Dev. in true histogram=1466822.4515
2017-02-15 18:25:38,195 KL Divergence=0.0123834555962
2017-02-15 18:25:38,195 error guarantee (relative to n): 0.173782509084
2017-02-15 18:25:38,700 epsilon=0.0221
2017-02-15 18:26:52,917 Worst error (relative to n): 0.00215509741602
2017-02-15 18:26:53,171 MSE (relative to n): 0.0795539551225
2017-02-15 18:26:53,172 mean in synthetic histogram=247227.849435
2017-02-15 18:26:53,172 mean in true histogram=247227.849435
2017-02-15 18:26:53,172 Std. Dev. in synthetic histogram=1462537.23802
2017-02-15 18:26:53,172 Std. Dev. in true histogram=1466822.4515
2017-02-15 18:26:53,172 KL Divergence=0.0125989719221
2017-02-15 18:26:53,172 error guarantee (relative to n): 0.173782509084
2017-02-15 18:26:53,673 epsilon=0.0221
2017-02-15 18:31:42,553 Worst error (relative to n): 0.00160682705848
2017-02-15 18:31:42,900 MSE (relative to n): 0.0331624940574
2017-02-15 18:31:42,900 mean in synthetic histogram=247227.849435
2017-02-15 18:31:42,901 mean in true histogram=247227.849435
2017-02-15 18:31:42,901 Std. Dev. in synthetic histogram=1462296.85009
2017-02-15 18:31:42,901 Std. Dev. in true histogram=1466822.4515
2017-02-15 18:31:42,901 KL Divergence=0.0117495231565
2017-02-15 18:31:42,901 error guarantee (relative to n): 0.137931268128
2017-02-15 18:31:43,587 epsilon=0.0442
2017-02-15 18:35:10,070 Worst error (relative to n): 0.00164138472593
2017-02-15 18:35:10,283 MSE (relative to n): 0.0324158683501
2017-02-15 18:35:10,284 mean in synthetic histogram=247227.849435
2017-02-15 18:35:10,284 mean in true histogram=247227.849435
2017-02-15 18:35:10,284 Std. Dev. in synthetic histogram=1462022.12771
2017-02-15 18:35:10,284 Std. Dev. in true histogram=1466822.4515
2017-02-15 18:35:10,284 KL Divergence=0.0124822417309
2017-02-15 18:35:10,284 error guarantee (relative to n): 0.137931268128
2017-02-15 18:35:10,698 epsilon=0.0442
2017-02-15 18:39:08,166 Worst error (relative to n): 0.00215509741602
2017-02-15 18:39:08,378 MSE (relative to n): 0.0795539551225
2017-02-15 18:39:08,378 mean in synthetic histogram=247227.849435
2017-02-15 18:39:08,378 mean in true histogram=247227.849435
2017-02-15 18:39:08,378 Std. Dev. in synthetic histogram=1462537.23802
2017-02-15 18:39:08,378 Std. Dev. in true histogram=1466822.4515
2017-02-15 18:39:08,378 KL Divergence=0.0125989719221
2017-02-15 18:39:08,379 error guarantee (relative to n): 0.173782509084
2017-02-15 18:39:08,793 epsilon=0.0221
2017-02-15 18:40:31,681 Worst error (relative to n): 0.0020672921923
2017-02-15 18:40:31,935 MSE (relative to n): 0.0724048856661
2017-02-15 18:40:31,935 mean in synthetic histogram=247227.849435
2017-02-15 18:40:31,935 mean in true histogram=247227.849435
2017-02-15 18:40:31,935 Std. Dev. in synthetic histogram=1465954.07642
2017-02-15 18:40:31,935 Std. Dev. in true histogram=1466822.4515
2017-02-15 18:40:31,936 KL Divergence=0.010295448032
2017-02-15 18:40:31,936 error guarantee (relative to n): 0.173782509084
2017-02-15 18:40:32,436 epsilon=0.0221
2017-02-15 18:51:32,855 Worst error (relative to n): 0.0020672921923
2017-02-15 18:51:33,048 MSE (relative to n): 0.0724048856661
2017-02-15 18:51:33,048 mean in synthetic histogram=247227.849435
2017-02-15 18:51:33,048 mean in true histogram=247227.849435
2017-02-15 18:51:33,048 Std. Dev. in synthetic histogram=1465954.07642
2017-02-15 18:51:33,048 Std. Dev. in true histogram=1466822.4515
2017-02-15 18:51:33,049 KL Divergence=0.010295448032
2017-02-15 18:51:33,049 error guarantee (relative to n): 0.173782509084
2017-02-15 18:51:33,459 epsilon=0.0221
2017-02-15 18:54:13,539 Worst error (relative to n): 0.0021455860661
2017-02-15 18:54:13,793 MSE (relative to n): 0.0822940040764
2017-02-15 18:54:13,794 mean in synthetic histogram=247227.849435
2017-02-15 18:54:13,794 mean in true histogram=247227.849435
2017-02-15 18:54:13,794 Std. Dev. in synthetic histogram=1460657.41539
2017-02-15 18:54:13,794 Std. Dev. in true histogram=1466822.4515
2017-02-15 18:54:13,794 KL Divergence=0.0123114397123
2017-02-15 18:54:13,794 error guarantee (relative to n): 0.173782509084
2017-02-15 18:54:14,297 epsilon=0.0221
2017-02-15 18:58:11,682 Worst error (relative to n): 0.00165402617787
2017-02-15 18:58:11,935 MSE (relative to n): 0.0312682751473
2017-02-15 18:58:11,935 mean in synthetic histogram=247227.849435
2017-02-15 18:58:11,935 mean in true histogram=247227.849435
2017-02-15 18:58:11,935 Std. Dev. in synthetic histogram=1462956.74659
2017-02-15 18:58:11,935 Std. Dev. in true histogram=1466822.4515
2017-02-15 18:58:11,936 KL Divergence=0.0131312354429
2017-02-15 18:58:11,936 error guarantee (relative to n): 0.137931268128
2017-02-15 18:58:12,435 epsilon=0.0442
2017-02-15 18:58:31,968 Worst error (relative to n): 0.00160682705848
2017-02-15 18:58:32,179 MSE (relative to n): 0.0331624940574
2017-02-15 18:58:32,179 mean in synthetic histogram=247227.849435
2017-02-15 18:58:32,179 mean in true histogram=247227.849435
2017-02-15 18:58:32,180 Std. Dev. in synthetic histogram=1462296.85009
2017-02-15 18:58:32,180 Std. Dev. in true histogram=1466822.4515
2017-02-15 18:58:32,180 KL Divergence=0.0117495231565
2017-02-15 18:58:32,180 error guarantee (relative to n): 0.137931268128
2017-02-15 18:58:32,594 epsilon=0.0442
2017-02-15 19:03:55,735 Worst error (relative to n): 0.0021455860661
2017-02-15 19:03:55,948 MSE (relative to n): 0.0822940040764
2017-02-15 19:03:55,949 mean in synthetic histogram=247227.849435
2017-02-15 19:03:55,949 mean in true histogram=247227.849435
2017-02-15 19:03:55,949 Std. Dev. in synthetic histogram=1460657.41539
2017-02-15 19:03:55,949 Std. Dev. in true histogram=1466822.4515
2017-02-15 19:03:55,949 KL Divergence=0.0123114397123
2017-02-15 19:03:55,949 error guarantee (relative to n): 0.173782509084
2017-02-15 19:03:56,361 epsilon=0.0221
2017-02-15 19:08:01,988 Worst error (relative to n): 0.00184667719516
2017-02-15 19:08:02,241 MSE (relative to n): 0.0688833095701
2017-02-15 19:08:02,242 mean in synthetic histogram=247227.849435
2017-02-15 19:08:02,242 mean in true histogram=247227.849435
2017-02-15 19:08:02,242 Std. Dev. in synthetic histogram=1460919.78936
2017-02-15 19:08:02,242 Std. Dev. in true histogram=1466822.4515
2017-02-15 19:08:02,242 KL Divergence=0.0131931295202
2017-02-15 19:08:02,242 error guarantee (relative to n): 0.173782509084
2017-02-15 19:08:02,743 Finished
2017-02-15 19:16:14,007 Worst error (relative to n): 0.00184667719516
2017-02-15 19:16:14,218 MSE (relative to n): 0.0688833095701
2017-02-15 19:16:14,219 mean in synthetic histogram=247227.849435
2017-02-15 19:16:14,219 mean in true histogram=247227.849435
2017-02-15 19:16:14,219 Std. Dev. in synthetic histogram=1460919.78936
2017-02-15 19:16:14,219 Std. Dev. in true histogram=1466822.4515
2017-02-15 19:16:14,219 KL Divergence=0.0131931295202
2017-02-15 19:16:14,219 error guarantee (relative to n): 0.173782509084
2017-02-15 19:16:14,629 Finished
2017-02-15 19:21:21,538 Worst error (relative to n): 0.00165402617787
2017-02-15 19:21:21,698 MSE (relative to n): 0.0312682751473
2017-02-15 19:21:21,699 mean in synthetic histogram=247227.849435
2017-02-15 19:21:21,699 mean in true histogram=247227.849435
2017-02-15 19:21:21,699 Std. Dev. in synthetic histogram=1462956.74659
2017-02-15 19:21:21,699 Std. Dev. in true histogram=1466822.4515
2017-02-15 19:21:21,699 KL Divergence=0.0131312354429
2017-02-15 19:21:21,699 error guarantee (relative to n): 0.137931268128
2017-02-15 19:21:22,012 epsilon=0.0442
2017-02-15 19:23:50,588 Worst error (relative to n): 0.00173505906822
2017-02-15 19:23:50,840 MSE (relative to n): 0.0316911340996
2017-02-15 19:23:50,840 mean in synthetic histogram=247227.849435
2017-02-15 19:23:50,840 mean in true histogram=247227.849435
2017-02-15 19:23:50,840 Std. Dev. in synthetic histogram=1463196.02657
2017-02-15 19:23:50,840 Std. Dev. in true histogram=1466822.4515
2017-02-15 19:23:50,841 KL Divergence=0.0129969775091
2017-02-15 19:23:50,841 error guarantee (relative to n): 0.137931268128
2017-02-15 19:23:51,337 epsilon=0.0442
2017-02-15 19:41:48,392 Worst error (relative to n): 0.00173505906822
2017-02-15 19:41:48,552 MSE (relative to n): 0.0316911340996
2017-02-15 19:41:48,552 mean in synthetic histogram=247227.849435
2017-02-15 19:41:48,552 mean in true histogram=247227.849435
2017-02-15 19:41:48,553 Std. Dev. in synthetic histogram=1463196.02657
2017-02-15 19:41:48,553 Std. Dev. in true histogram=1466822.4515
2017-02-15 19:41:48,553 KL Divergence=0.0129969775091
2017-02-15 19:41:48,553 error guarantee (relative to n): 0.137931268128
2017-02-15 19:41:48,868 epsilon=0.0442
2017-02-15 19:49:26,175 Worst error (relative to n): 0.0015106468138
2017-02-15 19:49:26,431 MSE (relative to n): 0.0398405230112
2017-02-15 19:49:26,431 mean in synthetic histogram=247227.849435
2017-02-15 19:49:26,431 mean in true histogram=247227.849435
2017-02-15 19:49:26,431 Std. Dev. in synthetic histogram=1467294.79475
2017-02-15 19:49:26,431 Std. Dev. in true histogram=1466822.4515
2017-02-15 19:49:26,432 KL Divergence=0.0119753079573
2017-02-15 19:49:26,432 error guarantee (relative to n): 0.137931268128
2017-02-15 19:49:26,928 epsilon=0.0442
2017-02-15 20:02:12,697 Worst error (relative to n): 0.0015106468138
2017-02-15 20:02:12,955 MSE (relative to n): 0.0398405230112
2017-02-15 20:02:12,956 mean in synthetic histogram=247227.849435
2017-02-15 20:02:12,956 mean in true histogram=247227.849435
2017-02-15 20:02:12,956 Std. Dev. in synthetic histogram=1467294.79475
2017-02-15 20:02:12,956 Std. Dev. in true histogram=1466822.4515
2017-02-15 20:02:12,956 KL Divergence=0.0119753079573
2017-02-15 20:02:12,956 error guarantee (relative to n): 0.137931268128
2017-02-15 20:02:13,462 epsilon=0.0442
2017-02-15 20:15:05,211 Worst error (relative to n): 0.00178262352258
2017-02-15 20:15:05,464 MSE (relative to n): 0.0372740164035
2017-02-15 20:15:05,465 mean in synthetic histogram=247227.849435
2017-02-15 20:15:05,465 mean in true histogram=247227.849435
2017-02-15 20:15:05,465 Std. Dev. in synthetic histogram=1463024.22985
2017-02-15 20:15:05,465 Std. Dev. in true histogram=1466822.4515
2017-02-15 20:15:05,465 KL Divergence=0.012263169834
2017-02-15 20:15:05,465 error guarantee (relative to n): 0.137931268128
2017-02-15 20:15:05,964 epsilon=0.0442
2017-02-15 20:27:46,842 Worst error (relative to n): 0.00178262352258
2017-02-15 20:27:47,057 MSE (relative to n): 0.0372740164035
2017-02-15 20:27:47,057 mean in synthetic histogram=247227.849435
2017-02-15 20:27:47,057 mean in true histogram=247227.849435
2017-02-15 20:27:47,058 Std. Dev. in synthetic histogram=1463024.22985
2017-02-15 20:27:47,058 Std. Dev. in true histogram=1466822.4515
2017-02-15 20:27:47,058 KL Divergence=0.012263169834
2017-02-15 20:27:47,058 error guarantee (relative to n): 0.137931268128
2017-02-15 20:27:47,470 epsilon=0.0442
2017-02-15 20:40:46,421 Worst error (relative to n): 0.00121250296964
2017-02-15 20:40:46,676 MSE (relative to n): 0.0342629410738
2017-02-15 20:40:46,676 mean in synthetic histogram=247227.849435
2017-02-15 20:40:46,676 mean in true histogram=247227.849435
2017-02-15 20:40:46,676 Std. Dev. in synthetic histogram=1465795.25368
2017-02-15 20:40:46,676 Std. Dev. in true histogram=1466822.4515
2017-02-15 20:40:46,676 KL Divergence=0.0124898558044
2017-02-15 20:40:46,677 error guarantee (relative to n): 0.137931268128
2017-02-15 20:40:47,176 epsilon=0.0442
2017-02-15 20:51:03,282 Worst error (relative to n): 0.00121250296964
2017-02-15 20:51:03,542 MSE (relative to n): 0.0342629410738
2017-02-15 20:51:03,542 mean in synthetic histogram=247227.849435
2017-02-15 20:51:03,542 mean in true histogram=247227.849435
2017-02-15 20:51:03,542 Std. Dev. in synthetic histogram=1465795.25368
2017-02-15 20:51:03,543 Std. Dev. in true histogram=1466822.4515
2017-02-15 20:51:03,543 KL Divergence=0.0124898558044
2017-02-15 20:51:03,543 error guarantee (relative to n): 0.137931268128
2017-02-15 20:51:04,047 epsilon=0.0442
2017-02-15 21:06:23,179 Worst error (relative to n): 0.00139461925613
2017-02-15 21:06:23,437 MSE (relative to n): 0.0422818577297
2017-02-15 21:06:23,437 mean in synthetic histogram=247227.849435
2017-02-15 21:06:23,437 mean in true histogram=247227.849435
2017-02-15 21:06:23,437 Std. Dev. in synthetic histogram=1465253.81549
2017-02-15 21:06:23,437 Std. Dev. in true histogram=1466822.4515
2017-02-15 21:06:23,438 KL Divergence=0.0119711736548
2017-02-15 21:06:23,438 error guarantee (relative to n): 0.137931268128
2017-02-15 21:06:23,936 epsilon=0.0442
2017-02-15 21:16:33,964 Worst error (relative to n): 0.00139461925613
2017-02-15 21:16:34,129 MSE (relative to n): 0.0422818577297
2017-02-15 21:16:34,129 mean in synthetic histogram=247227.849435
2017-02-15 21:16:34,129 mean in true histogram=247227.849435
2017-02-15 21:16:34,129 Std. Dev. in synthetic histogram=1465253.81549
2017-02-15 21:16:34,130 Std. Dev. in true histogram=1466822.4515
2017-02-15 21:16:34,130 KL Divergence=0.0119711736548
2017-02-15 21:16:34,130 error guarantee (relative to n): 0.137931268128
2017-02-15 21:16:34,443 epsilon=0.0442
2017-02-15 21:28:59,935 Worst error (relative to n): 0.00168750881105
2017-02-15 21:29:00,190 MSE (relative to n): 0.0343018275251
2017-02-15 21:29:00,191 mean in synthetic histogram=247227.849435
2017-02-15 21:29:00,191 mean in true histogram=247227.849435
2017-02-15 21:29:00,191 Std. Dev. in synthetic histogram=1465092.43174
2017-02-15 21:29:00,191 Std. Dev. in true histogram=1466822.4515
2017-02-15 21:29:00,191 KL Divergence=0.0138248541712
2017-02-15 21:29:00,191 error guarantee (relative to n): 0.137931268128
2017-02-15 21:29:00,689 epsilon=0.0442
2017-02-15 21:37:09,716 Worst error (relative to n): 0.00168750881105
2017-02-15 21:37:10,062 MSE (relative to n): 0.0343018275251
2017-02-15 21:37:10,062 mean in synthetic histogram=247227.849435
2017-02-15 21:37:10,062 mean in true histogram=247227.849435
2017-02-15 21:37:10,062 Std. Dev. in synthetic histogram=1465092.43174
2017-02-15 21:37:10,062 Std. Dev. in true histogram=1466822.4515
2017-02-15 21:37:10,062 KL Divergence=0.0138248541712
2017-02-15 21:37:10,063 error guarantee (relative to n): 0.137931268128
2017-02-15 21:37:10,741 epsilon=0.0442
2017-02-15 21:57:25,862 Worst error (relative to n): 0.00147315394634
2017-02-15 21:57:26,023 MSE (relative to n): 0.0365423944149
2017-02-15 21:57:26,024 mean in synthetic histogram=247227.849435
2017-02-15 21:57:26,024 mean in true histogram=247227.849435
2017-02-15 21:57:26,024 Std. Dev. in synthetic histogram=1466183.71303
2017-02-15 21:57:26,024 Std. Dev. in true histogram=1466822.4515
2017-02-15 21:57:26,024 KL Divergence=0.0113019284795
2017-02-15 21:57:26,024 error guarantee (relative to n): 0.137931268128
2017-02-15 21:57:26,337 epsilon=0.0442
2017-02-15 22:07:38,202 Worst error (relative to n): 0.00147315394634
2017-02-15 22:07:38,365 MSE (relative to n): 0.0365423944149
2017-02-15 22:07:38,365 mean in synthetic histogram=247227.849435
2017-02-15 22:07:38,366 mean in true histogram=247227.849435
2017-02-15 22:07:38,366 Std. Dev. in synthetic histogram=1466183.71303
2017-02-15 22:07:38,366 Std. Dev. in true histogram=1466822.4515
2017-02-15 22:07:38,366 KL Divergence=0.0113019284795
2017-02-15 22:07:38,366 error guarantee (relative to n): 0.137931268128
2017-02-15 22:07:38,685 epsilon=0.0442
2017-02-15 22:18:15,861 Worst error (relative to n): 0.00143141822403
2017-02-15 22:18:16,204 MSE (relative to n): 0.0302256196074
2017-02-15 22:18:16,205 mean in synthetic histogram=247227.849435
2017-02-15 22:18:16,205 mean in true histogram=247227.849435
2017-02-15 22:18:16,205 Std. Dev. in synthetic histogram=1468377.00266
2017-02-15 22:18:16,205 Std. Dev. in true histogram=1466822.4515
2017-02-15 22:18:16,205 KL Divergence=0.0110882311937
2017-02-15 22:18:16,205 error guarantee (relative to n): 0.137931268128
2017-02-15 22:18:16,885 epsilon=0.0442
2017-02-15 22:28:20,658 Worst error (relative to n): 0.00143141822403
2017-02-15 22:28:20,913 MSE (relative to n): 0.0302256196074
2017-02-15 22:28:20,913 mean in synthetic histogram=247227.849435
2017-02-15 22:28:20,913 mean in true histogram=247227.849435
2017-02-15 22:28:20,913 Std. Dev. in synthetic histogram=1468377.00266
2017-02-15 22:28:20,914 Std. Dev. in true histogram=1466822.4515
2017-02-15 22:28:20,914 KL Divergence=0.0110882311937
2017-02-15 22:28:20,914 error guarantee (relative to n): 0.137931268128
2017-02-15 22:28:21,410 epsilon=0.0442
2017-02-15 22:42:58,175 Worst error (relative to n): 0.00131515583601
2017-02-15 22:42:58,340 MSE (relative to n): 0.0378970014879
2017-02-15 22:42:58,341 mean in synthetic histogram=247227.849435
2017-02-15 22:42:58,341 mean in true histogram=247227.849435
2017-02-15 22:42:58,341 Std. Dev. in synthetic histogram=1464677.05203
2017-02-15 22:42:58,341 Std. Dev. in true histogram=1466822.4515
2017-02-15 22:42:58,341 KL Divergence=0.0116820123472
2017-02-15 22:42:58,341 error guarantee (relative to n): 0.137931268128
2017-02-15 22:42:58,654 epsilon=0.0442
2017-02-15 22:53:46,437 Worst error (relative to n): 0.00131515583601
2017-02-15 22:53:46,601 MSE (relative to n): 0.0378970014879
2017-02-15 22:53:46,602 mean in synthetic histogram=247227.849435
2017-02-15 22:53:46,602 mean in true histogram=247227.849435
2017-02-15 22:53:46,602 Std. Dev. in synthetic histogram=1464677.05203
2017-02-15 22:53:46,602 Std. Dev. in true histogram=1466822.4515
2017-02-15 22:53:46,602 KL Divergence=0.0116820123472
2017-02-15 22:53:46,602 error guarantee (relative to n): 0.137931268128
2017-02-15 22:53:46,915 epsilon=0.0442
2017-02-15 23:03:36,636 Worst error (relative to n): 0.0013709685847
2017-02-15 23:03:36,981 MSE (relative to n): 0.0314940099667
2017-02-15 23:03:36,982 mean in synthetic histogram=247227.849435
2017-02-15 23:03:36,982 mean in true histogram=247227.849435
2017-02-15 23:03:36,982 Std. Dev. in synthetic histogram=1465092.68343
2017-02-15 23:03:36,982 Std. Dev. in true histogram=1466822.4515
2017-02-15 23:03:36,982 KL Divergence=0.0122074489364
2017-02-15 23:03:36,982 error guarantee (relative to n): 0.137931268128
2017-02-15 23:03:37,661 epsilon=0.0442
2017-02-15 23:14:20,285 Worst error (relative to n): 0.0013709685847
2017-02-15 23:14:20,502 MSE (relative to n): 0.0314940099667
2017-02-15 23:14:20,502 mean in synthetic histogram=247227.849435
2017-02-15 23:14:20,502 mean in true histogram=247227.849435
2017-02-15 23:14:20,502 Std. Dev. in synthetic histogram=1465092.68343
2017-02-15 23:14:20,503 Std. Dev. in true histogram=1466822.4515
2017-02-15 23:14:20,503 KL Divergence=0.0122074489364
2017-02-15 23:14:20,503 error guarantee (relative to n): 0.137931268128
2017-02-15 23:14:20,920 epsilon=0.0442
2017-02-15 23:34:00,160 Worst error (relative to n): 0.00147029265231
2017-02-15 23:34:00,417 MSE (relative to n): 0.0307405257217
2017-02-15 23:34:00,417 mean in synthetic histogram=247227.849435
2017-02-15 23:34:00,417 mean in true histogram=247227.849435
2017-02-15 23:34:00,417 Std. Dev. in synthetic histogram=1465796.70318
2017-02-15 23:34:00,417 Std. Dev. in true histogram=1466822.4515
2017-02-15 23:34:00,418 KL Divergence=0.0131437376281
2017-02-15 23:34:00,418 error guarantee (relative to n): 0.137931268128
2017-02-15 23:34:00,919 epsilon=0.0442
2017-02-15 23:37:31,279 Worst error (relative to n): 0.00147029265231
2017-02-15 23:37:31,488 MSE (relative to n): 0.0307405257217
2017-02-15 23:37:31,489 mean in synthetic histogram=247227.849435
2017-02-15 23:37:31,489 mean in true histogram=247227.849435
2017-02-15 23:37:31,489 Std. Dev. in synthetic histogram=1465796.70318
2017-02-15 23:37:31,489 Std. Dev. in true histogram=1466822.4515
2017-02-15 23:37:31,489 KL Divergence=0.0131437376281
2017-02-15 23:37:31,489 error guarantee (relative to n): 0.137931268128
2017-02-15 23:37:31,901 epsilon=0.0442
2017-02-15 23:59:44,887 Worst error (relative to n): 0.00155619088519
2017-02-15 23:59:45,231 MSE (relative to n): 0.0379304571616
2017-02-15 23:59:45,231 mean in synthetic histogram=247227.849435
2017-02-15 23:59:45,231 mean in true histogram=247227.849435
2017-02-15 23:59:45,231 Std. Dev. in synthetic histogram=1465994.55365
2017-02-15 23:59:45,232 Std. Dev. in true histogram=1466822.4515
2017-02-15 23:59:45,232 KL Divergence=0.0107826231235
2017-02-15 23:59:45,232 error guarantee (relative to n): 0.137931268128
2017-02-15 23:59:45,911 epsilon=0.0442
2017-02-16 00:00:42,848 Worst error (relative to n): 0.00155619088519
2017-02-16 00:00:43,058 MSE (relative to n): 0.0379304571616
2017-02-16 00:00:43,058 mean in synthetic histogram=247227.849435
2017-02-16 00:00:43,059 mean in true histogram=247227.849435
2017-02-16 00:00:43,059 Std. Dev. in synthetic histogram=1465994.55365
2017-02-16 00:00:43,059 Std. Dev. in true histogram=1466822.4515
2017-02-16 00:00:43,059 KL Divergence=0.0107826231235
2017-02-16 00:00:43,059 error guarantee (relative to n): 0.137931268128
2017-02-16 00:00:43,471 epsilon=0.0442
2017-02-16 00:24:40,692 Worst error (relative to n): 0.00140228480633
2017-02-16 00:24:41,034 MSE (relative to n): 0.0394472401383
2017-02-16 00:24:41,034 mean in synthetic histogram=247227.849435
2017-02-16 00:24:41,034 mean in true histogram=247227.849435
2017-02-16 00:24:41,035 Std. Dev. in synthetic histogram=1463240.45498
2017-02-16 00:24:41,035 Std. Dev. in true histogram=1466822.4515
2017-02-16 00:24:41,035 KL Divergence=0.0100760256635
2017-02-16 00:24:41,035 error guarantee (relative to n): 0.137931268128
2017-02-16 00:24:41,713 epsilon=0.0442
2017-02-16 00:30:12,683 Worst error (relative to n): 0.00140228480633
2017-02-16 00:30:12,939 MSE (relative to n): 0.0394472401383
2017-02-16 00:30:12,939 mean in synthetic histogram=247227.849435
2017-02-16 00:30:12,939 mean in true histogram=247227.849435
2017-02-16 00:30:12,939 Std. Dev. in synthetic histogram=1463240.45498
2017-02-16 00:30:12,939 Std. Dev. in true histogram=1466822.4515
2017-02-16 00:30:12,940 KL Divergence=0.0100760256635
2017-02-16 00:30:12,940 error guarantee (relative to n): 0.137931268128
2017-02-16 00:30:13,437 epsilon=0.0442
2017-02-16 00:47:34,615 Worst error (relative to n): 0.00142593636623
2017-02-16 00:47:34,785 MSE (relative to n): 0.0307518319674
2017-02-16 00:47:34,785 mean in synthetic histogram=247227.849435
2017-02-16 00:47:34,786 mean in true histogram=247227.849435
2017-02-16 00:47:34,786 Std. Dev. in synthetic histogram=1462303.15622
2017-02-16 00:47:34,786 Std. Dev. in true histogram=1466822.4515
2017-02-16 00:47:34,786 KL Divergence=0.00924519013567
2017-02-16 00:47:34,786 error guarantee (relative to n): 0.137931268128
2017-02-16 00:47:35,109 Finished
2017-02-16 00:55:45,721 Worst error (relative to n): 0.00142593636623
2017-02-16 00:55:46,062 MSE (relative to n): 0.0307518319674
2017-02-16 00:55:46,062 mean in synthetic histogram=247227.849435
2017-02-16 00:55:46,062 mean in true histogram=247227.849435
2017-02-16 00:55:46,062 Std. Dev. in synthetic histogram=1462303.15622
2017-02-16 00:55:46,063 Std. Dev. in true histogram=1466822.4515
2017-02-16 00:55:46,063 KL Divergence=0.00924519013567
2017-02-16 00:55:46,063 error guarantee (relative to n): 0.137931268128
2017-02-16 00:55:46,739 Finished
